c:\users\jepettit\documents\saltbot\temp\debug\bottymcbotface\bottymcbotface_d.lib
c:\users\jepettit\documents\saltbot\temp\debug\bottymcbotface\bottymcbotface_d.exp
d:\github\saltbot\temp\debug\bottymcbotface\bottymcbotface_d.lib
d:\github\saltbot\temp\debug\bottymcbotface\bottymcbotface_d.exp
c:\users\jepettit\documents\saltbot\temp\debug\bottymcbotface\vc140.pdb
c:\users\jepettit\documents\saltbot\temp\debug\bottymcbotface\vc140.idb
c:\users\jepettit\documents\saltbot\temp\debug\bottymcbotface\bot.obj
d:\github\saltbot\temp\debug\bottymcbotface\vc140.pdb
d:\github\saltbot\temp\debug\bottymcbotface\vc140.idb
d:\github\saltbot\temp\debug\bottymcbotface\bot.obj
c:\users\jepettit\documents\saltbot\bin\data\bots\bottymcbotface\bottymcbotface_d.ilk
c:\users\jepettit\documents\saltbot\bin\data\bots\bottymcbotface\bottymcbotface_d.dll
c:\users\jepettit\documents\saltbot\bin\data\bots\bottymcbotface\bottymcbotface_d.pdb
d:\github\saltbot\bin\data\bots\bottymcbotface\bottymcbotface_d.ilk
d:\github\saltbot\bin\data\bots\bottymcbotface\bottymcbotface_d.dll
d:\github\saltbot\bin\data\bots\bottymcbotface\bottymcbotface_d.pdb
d:\github\saltbot\temp\debug\bottymcbotface\bottymcbotface.tlog\bottymcbotface.write.1u.tlog
d:\github\saltbot\temp\debug\bottymcbotface\bottymcbotface.tlog\cl.command.1.tlog
d:\github\saltbot\temp\debug\bottymcbotface\bottymcbotface.tlog\cl.read.1.tlog
d:\github\saltbot\temp\debug\bottymcbotface\bottymcbotface.tlog\cl.write.1.tlog
d:\github\saltbot\temp\debug\bottymcbotface\bottymcbotface.tlog\link.command.1.tlog
d:\github\saltbot\temp\debug\bottymcbotface\bottymcbotface.tlog\link.read.1.tlog
d:\github\saltbot\temp\debug\bottymcbotface\bottymcbotface.tlog\link.write.1.tlog
