c:\users\jepettit\documents\saltbot\temp\debug\manualbot\vc140.pdb
c:\users\jepettit\documents\saltbot\temp\debug\manualbot\vc140.idb
c:\users\jepettit\documents\saltbot\temp\debug\manualbot\bot.obj
d:\github\saltbot\temp\debug\manualbot\vc140.pdb
d:\github\saltbot\temp\debug\manualbot\vc140.idb
d:\github\saltbot\temp\debug\manualbot\bot.obj
c:\users\jepettit\documents\saltbot\bin\data\bots\manualbot\manualbot_d.ilk
c:\users\jepettit\documents\saltbot\bin\data\bots\manualbot\manualbot_d.dll
c:\users\jepettit\documents\saltbot\bin\data\bots\manualbot\manualbot_d.dll.pdb
d:\github\saltbot\bin\data\bots\manualbot\manualbot_d.ilk
d:\github\saltbot\bin\data\bots\manualbot\manualbot_d.dll
d:\github\saltbot\bin\data\bots\manualbot\manualbot_d.dll.pdb
c:\users\jepettit\documents\saltbot\temp\debug\manualbot\manualbot_d.lib
c:\users\jepettit\documents\saltbot\temp\debug\manualbot\manualbot_d.exp
d:\github\saltbot\temp\debug\manualbot\manualbot_d.lib
d:\github\saltbot\temp\debug\manualbot\manualbot_d.exp
d:\github\saltbot\temp\debug\manualbot\manualbot.tlog\cl.command.1.tlog
d:\github\saltbot\temp\debug\manualbot\manualbot.tlog\cl.read.1.tlog
d:\github\saltbot\temp\debug\manualbot\manualbot.tlog\cl.write.1.tlog
d:\github\saltbot\temp\debug\manualbot\manualbot.tlog\link.command.1.tlog
d:\github\saltbot\temp\debug\manualbot\manualbot.tlog\link.read.1.tlog
d:\github\saltbot\temp\debug\manualbot\manualbot.tlog\link.write.1.tlog
d:\github\saltbot\temp\debug\manualbot\manualbot.tlog\manualbot.write.1u.tlog
