d:\github\saltbot\temp\debug\saltbot\vc140.pdb
d:\github\saltbot\temp\debug\saltbot\vc140.idb
d:\github\saltbot\temp\debug\saltbot\bot.obj
d:\github\saltbot\temp\debug\saltbot\initalizefann.obj
d:\github\saltbot\bin\data\bots\saltbot\saltbot_d.ilk
d:\github\saltbot\bin\data\bots\saltbot\saltbot_d.dll
d:\github\saltbot\bin\data\bots\saltbot\saltbot_d.pdb
d:\github\saltbot\temp\debug\saltbot\saltbot_d.lib
d:\github\saltbot\temp\debug\saltbot\saltbot_d.exp
d:\github\saltbot\temp\debug\saltbot\aimethods.obj
d:\github\saltbot\temp\debug\saltbot\saltbot.tlog\cl.command.1.tlog
d:\github\saltbot\temp\debug\saltbot\saltbot.tlog\cl.read.1.tlog
d:\github\saltbot\temp\debug\saltbot\saltbot.tlog\cl.write.1.tlog
d:\github\saltbot\temp\debug\saltbot\saltbot.tlog\link-cvtres.read.1.tlog
d:\github\saltbot\temp\debug\saltbot\saltbot.tlog\link-cvtres.write.1.tlog
d:\github\saltbot\temp\debug\saltbot\saltbot.tlog\link-rc.read.1.tlog
d:\github\saltbot\temp\debug\saltbot\saltbot.tlog\link-rc.write.1.tlog
d:\github\saltbot\temp\debug\saltbot\saltbot.tlog\link.14936-cvtres.read.1.tlog
d:\github\saltbot\temp\debug\saltbot\saltbot.tlog\link.14936-cvtres.write.1.tlog
d:\github\saltbot\temp\debug\saltbot\saltbot.tlog\link.14936-rc.read.1.tlog
d:\github\saltbot\temp\debug\saltbot\saltbot.tlog\link.14936-rc.write.1.tlog
d:\github\saltbot\temp\debug\saltbot\saltbot.tlog\link.14936.read.1.tlog
d:\github\saltbot\temp\debug\saltbot\saltbot.tlog\link.14936.write.1.tlog
d:\github\saltbot\temp\debug\saltbot\saltbot.tlog\link.command.1.tlog
d:\github\saltbot\temp\debug\saltbot\saltbot.tlog\link.read.1.tlog
d:\github\saltbot\temp\debug\saltbot\saltbot.tlog\link.write.1.tlog
d:\github\saltbot\temp\debug\saltbot\saltbot.tlog\saltbot.write.1u.tlog
