C:\Program Files (x86)\MSBuild\Microsoft.Cpp\v4.0\V140\Microsoft.CppBuild.targets(368,5): warning MSB8004: Output Directory does not end with a trailing slash.  This build instance will add the slash as it is required to allow proper evaluation of the Output Directory.
  initalizeFANN.cpp
     Creating library C:\Users\jepettit\SaltBot\temp\Debug\SaltBot\SaltBot_d.lib and object C:\Users\jepettit\SaltBot\temp\Debug\SaltBot\SaltBot_d.exp
initalizeFANN.obj : error LNK2019: unresolved external symbol __imp_fann_get_bit_fail referenced in function "public: void __cdecl initalizeFANN::TrainFromFile(unsigned int,char const *,char const *,char const *)" (?TrainFromFile@initalizeFANN@@QEAAXIPEBD00@Z)
initalizeFANN.obj : error LNK2019: unresolved external symbol __imp_fann_test_data referenced in function "public: void __cdecl initalizeFANN::TrainFromFile(unsigned int,char const *,char const *,char const *)" (?TrainFromFile@initalizeFANN@@QEAAXIPEBD00@Z)
initalizeFANN.obj : error LNK2019: unresolved external symbol __imp_fann_read_train_from_file referenced in function "public: void __cdecl initalizeFANN::TrainFromFile(unsigned int,char const *,char const *,char const *)" (?TrainFromFile@initalizeFANN@@QEAAXIPEBD00@Z)
initalizeFANN.obj : error LNK2019: unresolved external symbol __imp_fann_destroy_train referenced in function "public: void __cdecl initalizeFANN::TrainFromFile(unsigned int,char const *,char const *,char const *)" (?TrainFromFile@initalizeFANN@@QEAAXIPEBD00@Z)
initalizeFANN.obj : error LNK2019: unresolved external symbol __imp_fann_scale_train_data referenced in function "public: void __cdecl initalizeFANN::TrainFromFile(unsigned int,char const *,char const *,char const *)" (?TrainFromFile@initalizeFANN@@QEAAXIPEBD00@Z)
initalizeFANN.obj : error LNK2019: unresolved external symbol __imp_fann_num_input_train_data referenced in function "public: void __cdecl initalizeFANN::TrainFromFile(unsigned int,char const *,char const *,char const *)" (?TrainFromFile@initalizeFANN@@QEAAXIPEBD00@Z)
initalizeFANN.obj : error LNK2019: unresolved external symbol __imp_fann_num_output_train_data referenced in function "public: void __cdecl initalizeFANN::TrainFromFile(unsigned int,char const *,char const *,char const *)" (?TrainFromFile@initalizeFANN@@QEAAXIPEBD00@Z)
initalizeFANN.obj : error LNK2019: unresolved external symbol __imp_fann_set_training_algorithm referenced in function "public: void __cdecl initalizeFANN::TrainFromFile(unsigned int,char const *,char const *,char const *)" (?TrainFromFile@initalizeFANN@@QEAAXIPEBD00@Z)
initalizeFANN.obj : error LNK2019: unresolved external symbol __imp_fann_set_activation_function_hidden referenced in function "public: void __cdecl initalizeFANN::TrainFromFile(unsigned int,char const *,char const *,char const *)" (?TrainFromFile@initalizeFANN@@QEAAXIPEBD00@Z)
initalizeFANN.obj : error LNK2019: unresolved external symbol __imp_fann_set_activation_function_output referenced in function "public: void __cdecl initalizeFANN::TrainFromFile(unsigned int,char const *,char const *,char const *)" (?TrainFromFile@initalizeFANN@@QEAAXIPEBD00@Z)
initalizeFANN.obj : error LNK2019: unresolved external symbol __imp_fann_set_train_error_function referenced in function "public: void __cdecl initalizeFANN::TrainFromFile(unsigned int,char const *,char const *,char const *)" (?TrainFromFile@initalizeFANN@@QEAAXIPEBD00@Z)
initalizeFANN.obj : error LNK2019: unresolved external symbol __imp_fann_set_train_stop_function referenced in function "public: void __cdecl initalizeFANN::TrainFromFile(unsigned int,char const *,char const *,char const *)" (?TrainFromFile@initalizeFANN@@QEAAXIPEBD00@Z)
initalizeFANN.obj : error LNK2019: unresolved external symbol __imp_fann_set_bit_fail_limit referenced in function "public: void __cdecl initalizeFANN::TrainFromFile(unsigned int,char const *,char const *,char const *)" (?TrainFromFile@initalizeFANN@@QEAAXIPEBD00@Z)
initalizeFANN.obj : error LNK2019: unresolved external symbol __imp_fann_cascadetrain_on_data referenced in function "public: void __cdecl initalizeFANN::TrainFromFile(unsigned int,char const *,char const *,char const *)" (?TrainFromFile@initalizeFANN@@QEAAXIPEBD00@Z)
initalizeFANN.obj : error LNK2019: unresolved external symbol __imp_fann_save referenced in function "public: void __cdecl initalizeFANN::TrainFromFile(unsigned int,char const *,char const *,char const *)" (?TrainFromFile@initalizeFANN@@QEAAXIPEBD00@Z)
initalizeFANN.obj : error LNK2019: unresolved external symbol __imp_fann_create_shortcut referenced in function "public: void __cdecl initalizeFANN::TrainFromFile(unsigned int,char const *,char const *,char const *)" (?TrainFromFile@initalizeFANN@@QEAAXIPEBD00@Z)
initalizeFANN.obj : error LNK2019: unresolved external symbol __imp_fann_destroy referenced in function "public: void __cdecl initalizeFANN::TrainFromFile(unsigned int,char const *,char const *,char const *)" (?TrainFromFile@initalizeFANN@@QEAAXIPEBD00@Z)
initalizeFANN.obj : error LNK2019: unresolved external symbol __imp_fann_run referenced in function "public: void __cdecl initalizeFANN::TrainFromFile(unsigned int,char const *,char const *,char const *)" (?TrainFromFile@initalizeFANN@@QEAAXIPEBD00@Z)
initalizeFANN.obj : error LNK2019: unresolved external symbol __imp_fann_print_connections referenced in function "public: void __cdecl initalizeFANN::TrainFromFile(unsigned int,char const *,char const *,char const *)" (?TrainFromFile@initalizeFANN@@QEAAXIPEBD00@Z)
initalizeFANN.obj : error LNK2019: unresolved external symbol __imp_fann_print_parameters referenced in function "public: void __cdecl initalizeFANN::TrainFromFile(unsigned int,char const *,char const *,char const *)" (?TrainFromFile@initalizeFANN@@QEAAXIPEBD00@Z)
C:\Users\jepettit\SaltBot\bin\data\bots\SaltBot\SaltBot_d.dll : fatal error LNK1120: 20 unresolved externals
